[2019-08-29T16:29:14.292] [ERROR] cheese - { Error: ENOENT: no such file or directory, open '/Users/mac/koa-app/controller/poetry/poetry1.txt'
  errno: -2,
  code: 'ENOENT',
  syscall: 'open',
  path: '/Users/mac/koa-app/controller/poetry/poetry1.txt' }
[2019-08-29T16:29:15.033] [ERROR] cheese - { Error: ENOENT: no such file or directory, open '/Users/mac/koa-app/controller/poetry/poetry1.txt'
  errno: -2,
  code: 'ENOENT',
  syscall: 'open',
  path: '/Users/mac/koa-app/controller/poetry/poetry1.txt' }
[2019-08-29T16:29:15.563] [ERROR] cheese - { Error: ENOENT: no such file or directory, open '/Users/mac/koa-app/controller/poetry/poetry1.txt'
  errno: -2,
  code: 'ENOENT',
  syscall: 'open',
  path: '/Users/mac/koa-app/controller/poetry/poetry1.txt' }
[2019-08-29T16:29:15.727] [ERROR] cheese - { Error: ENOENT: no such file or directory, open '/Users/mac/koa-app/controller/poetry/poetry1.txt'
  errno: -2,
  code: 'ENOENT',
  syscall: 'open',
  path: '/Users/mac/koa-app/controller/poetry/poetry1.txt' }
[2019-08-29T16:31:16.084] [ERROR] cheese - { Error: ENOENT: no such file or directory, open '/Users/mac/koa-app/controller/poetry/poetry1.txt'
  errno: -2,
  code: 'ENOENT',
  syscall: 'open',
  path: '/Users/mac/koa-app/controller/poetry/poetry1.txt' }
[2019-08-29T16:32:33.760] [ERROR] cheese - { Error: ENOENT: no such file or directory, open '/Users/mac/koa-app/controller/poetry/poetry1.txt'
  errno: -2,
  code: 'ENOENT',
  syscall: 'open',
  path: '/Users/mac/koa-app/controller/poetry/poetry1.txt' }
[2019-08-29T16:33:55.503] [ERROR] cheese - { Error: ENOENT: no such file or directory, open '/Users/mac/koa-app/controller/poetry/poetry1.txt'
  errno: -2,
  code: 'ENOENT',
  syscall: 'open',
  path: '/Users/mac/koa-app/controller/poetry/poetry1.txt' }
[2019-08-29T16:34:04.529] [ERROR] cheese - { Error: ENOENT: no such file or directory, open '/Users/mac/koa-app/controller/poetry/poetry1.txt'
  errno: -2,
  code: 'ENOENT',
  syscall: 'open',
  path: '/Users/mac/koa-app/controller/poetry/poetry1.txt' }
[2019-08-29T16:34:46.377] [ERROR] cheese - { Error: ENOENT: no such file or directory, open '/Users/mac/koa-app/controller/poetry/poetry1.txt'
  errno: -2,
  code: 'ENOENT',
  syscall: 'open',
  path: '/Users/mac/koa-app/controller/poetry/poetry1.txt' }
[2019-08-29T16:36:39.804] [ERROR] cheese - { Error: ENOENT: no such file or directory, open '/Users/mac/koa-app/controller/poetry/poetry1.txt'
  errno: -2,
  code: 'ENOENT',
  syscall: 'open',
  path: '/Users/mac/koa-app/controller/poetry/poetry1.txt' }
[2019-08-29T16:36:42.877] [ERROR] cheese - { Error: ENOENT: no such file or directory, open '/Users/mac/koa-app/controller/poetry/poetry2.txt'
  errno: -2,
  code: 'ENOENT',
  syscall: 'open',
  path: '/Users/mac/koa-app/controller/poetry/poetry2.txt' }
[2019-08-29T16:37:06.292] [ERROR] cheese - { Error: ENOENT: no such file or directory, open '/Users/mac/koa-app/controller/poetry/poetry2.txt'
  errno: -2,
  code: 'ENOENT',
  syscall: 'open',
  path: '/Users/mac/koa-app/controller/poetry/poetry2.txt' }
