[2019-09-02T17:54:32.929] [ERROR] cheese - { Error: ENOENT: no such file or directory, open '/Users/mac/koa-app/dist/service/web/views/index.html'
  errno: -2,
  code: 'ENOENT',
  syscall: 'open',
  path: '/Users/mac/koa-app/dist/service/web/views/index.html' }
[2019-09-02T22:14:54.665] [ERROR] cheese - { [Error: ENOENT: no such file or directory, open '/Users/apple/koa-app/dist/service/web/views/index.html']
  errno: -2,
  code: 'ENOENT',
  syscall: 'open',
  path: '/Users/apple/koa-app/dist/service/web/views/index.html' }
[2019-09-02T22:16:47.638] [ERROR] cheese - { [Error: ENOENT: no such file or directory, open '/Users/apple/koa-app/dist/service/web/views/index.html']
  errno: -2,
  code: 'ENOENT',
  syscall: 'open',
  path: '/Users/apple/koa-app/dist/service/web/views/index.html' }
[2019-09-02T22:16:48.456] [ERROR] cheese - { [Error: ENOENT: no such file or directory, open '/Users/apple/koa-app/dist/service/web/views/index.html']
  errno: -2,
  code: 'ENOENT',
  syscall: 'open',
  path: '/Users/apple/koa-app/dist/service/web/views/index.html' }
[2019-09-02T22:16:48.622] [ERROR] cheese - { [Error: ENOENT: no such file or directory, open '/Users/apple/koa-app/dist/service/web/views/index.html']
  errno: -2,
  code: 'ENOENT',
  syscall: 'open',
  path: '/Users/apple/koa-app/dist/service/web/views/index.html' }
[2019-09-02T22:16:48.772] [ERROR] cheese - { [Error: ENOENT: no such file or directory, open '/Users/apple/koa-app/dist/service/web/views/index.html']
  errno: -2,
  code: 'ENOENT',
  syscall: 'open',
  path: '/Users/apple/koa-app/dist/service/web/views/index.html' }
[2019-09-02T22:16:48.967] [ERROR] cheese - { [Error: ENOENT: no such file or directory, open '/Users/apple/koa-app/dist/service/web/views/index.html']
  errno: -2,
  code: 'ENOENT',
  syscall: 'open',
  path: '/Users/apple/koa-app/dist/service/web/views/index.html' }
[2019-09-02T22:16:49.126] [ERROR] cheese - { [Error: ENOENT: no such file or directory, open '/Users/apple/koa-app/dist/service/web/views/index.html']
  errno: -2,
  code: 'ENOENT',
  syscall: 'open',
  path: '/Users/apple/koa-app/dist/service/web/views/index.html' }
[2019-09-02T22:16:49.279] [ERROR] cheese - { [Error: ENOENT: no such file or directory, open '/Users/apple/koa-app/dist/service/web/views/index.html']
  errno: -2,
  code: 'ENOENT',
  syscall: 'open',
  path: '/Users/apple/koa-app/dist/service/web/views/index.html' }
[2019-09-02T22:16:50.069] [ERROR] cheese - { [Error: ENOENT: no such file or directory, open '/Users/apple/koa-app/dist/service/web/views/index.html']
  errno: -2,
  code: 'ENOENT',
  syscall: 'open',
  path: '/Users/apple/koa-app/dist/service/web/views/index.html' }
[2019-09-02T22:19:01.843] [ERROR] cheese - { [Error: ENOENT: no such file or directory, open '/Users/apple/koa-app/dist/service/web/views/index.html']
  errno: -2,
  code: 'ENOENT',
  syscall: 'open',
  path: '/Users/apple/koa-app/dist/service/web/views/index.html' }
[2019-09-02T22:22:01.719] [ERROR] cheese - { [Error: ENOENT: no such file or directory, open '/Users/apple/koa-app/dist/service/web/views/index.html']
  errno: -2,
  code: 'ENOENT',
  syscall: 'open',
  path: '/Users/apple/koa-app/dist/service/web/views/index.html' }
[2019-09-02T22:22:02.489] [ERROR] cheese - { [Error: ENOENT: no such file or directory, open '/Users/apple/koa-app/dist/service/web/views/index.html']
  errno: -2,
  code: 'ENOENT',
  syscall: 'open',
  path: '/Users/apple/koa-app/dist/service/web/views/index.html' }
[2019-09-02T22:22:02.645] [ERROR] cheese - { [Error: ENOENT: no such file or directory, open '/Users/apple/koa-app/dist/service/web/views/index.html']
  errno: -2,
  code: 'ENOENT',
  syscall: 'open',
  path: '/Users/apple/koa-app/dist/service/web/views/index.html' }
[2019-09-02T22:22:02.813] [ERROR] cheese - { [Error: ENOENT: no such file or directory, open '/Users/apple/koa-app/dist/service/web/views/index.html']
  errno: -2,
  code: 'ENOENT',
  syscall: 'open',
  path: '/Users/apple/koa-app/dist/service/web/views/index.html' }
[2019-09-02T22:22:02.957] [ERROR] cheese - { [Error: ENOENT: no such file or directory, open '/Users/apple/koa-app/dist/service/web/views/index.html']
  errno: -2,
  code: 'ENOENT',
  syscall: 'open',
  path: '/Users/apple/koa-app/dist/service/web/views/index.html' }
[2019-09-02T22:22:03.112] [ERROR] cheese - { [Error: ENOENT: no such file or directory, open '/Users/apple/koa-app/dist/service/web/views/index.html']
  errno: -2,
  code: 'ENOENT',
  syscall: 'open',
  path: '/Users/apple/koa-app/dist/service/web/views/index.html' }
[2019-09-02T22:22:03.264] [ERROR] cheese - { [Error: ENOENT: no such file or directory, open '/Users/apple/koa-app/dist/service/web/views/index.html']
  errno: -2,
  code: 'ENOENT',
  syscall: 'open',
  path: '/Users/apple/koa-app/dist/service/web/views/index.html' }
[2019-09-02T22:22:03.407] [ERROR] cheese - { [Error: ENOENT: no such file or directory, open '/Users/apple/koa-app/dist/service/web/views/index.html']
  errno: -2,
  code: 'ENOENT',
  syscall: 'open',
  path: '/Users/apple/koa-app/dist/service/web/views/index.html' }
[2019-09-02T22:22:03.544] [ERROR] cheese - { [Error: ENOENT: no such file or directory, open '/Users/apple/koa-app/dist/service/web/views/index.html']
  errno: -2,
  code: 'ENOENT',
  syscall: 'open',
  path: '/Users/apple/koa-app/dist/service/web/views/index.html' }
[2019-09-02T22:22:03.707] [ERROR] cheese - { [Error: ENOENT: no such file or directory, open '/Users/apple/koa-app/dist/service/web/views/index.html']
  errno: -2,
  code: 'ENOENT',
  syscall: 'open',
  path: '/Users/apple/koa-app/dist/service/web/views/index.html' }
[2019-09-02T22:22:03.804] [ERROR] cheese - { [Error: ENOENT: no such file or directory, open '/Users/apple/koa-app/dist/service/web/views/index.html']
  errno: -2,
  code: 'ENOENT',
  syscall: 'open',
  path: '/Users/apple/koa-app/dist/service/web/views/index.html' }
[2019-09-02T22:22:06.585] [ERROR] cheese - { [Error: ENOENT: no such file or directory, open '/Users/apple/koa-app/dist/service/web/views/index.html']
  errno: -2,
  code: 'ENOENT',
  syscall: 'open',
  path: '/Users/apple/koa-app/dist/service/web/views/index.html' }
